

 Unreal skeletal exporter - Model information for [Turret_Cannon2.psk] 

 Skin faces:   2015
 Skin vertices:   1205
 Skin wedges (vertices with unique U,V):   2202
 Total bone-to-vertex linkups:   1205
 Reference bones:      9
 Unique materials:      1

 = materials =
 * Index: [ 0]  name: 1 - Default  
   Original bitmap: METL_DeployTurrets_TD_01.tga  Path: C:\U2XMP\Source_Assets\Textures\Arch_TurretsT\Small\Deployables
    - Skin Index:  0
   - render mode flags:
 

 BONE LIST        [9] total bones in reference skeleton. 
  number     name                           (parent) 
  [  0 ]    [ROOT                           ]      (  0 ) 
  [  1 ]    [Rotator                        ]      (  0 ) 
  [  2 ]    [RotatorEnd                     ]      (  1 ) 
  [  3 ]    [Elevator                       ]      (  2 ) 
  [  4 ]    [ElevatorEnd                    ]      (  3 ) 
  [  5 ]    [LBarrel                        ]      (  4 ) 
  [  6 ]    [LeftEnd                        ]      (  5 ) 
  [  7 ]    [RBarrel                        ]      (  4 ) 
  [  8 ]    [RightEnd                       ]      (  7 ) 
 

